0 info it worked if it ends with ok
1 verbose cli [ '/usr/bin/node', '/usr/bin/npm', 'install', '-g', 'typescript' ]
2 info using npm@2.15.11
3 info using node@v4.9.1
4 verbose install initial load of /usr/lib/package.json
5 verbose readDependencies loading dependencies from /usr/lib/package.json
6 silly cache add args [ 'typescript', null ]
7 verbose cache add spec typescript
8 silly cache add parsed spec Result {
8 silly cache add   raw: 'typescript',
8 silly cache add   scope: null,
8 silly cache add   name: 'typescript',
8 silly cache add   rawSpec: '',
8 silly cache add   spec: 'latest',
8 silly cache add   type: 'tag' }
9 silly addNamed typescript@latest
10 verbose addNamed "latest" is being treated as a dist-tag for typescript
11 info addNameTag [ 'typescript', 'latest' ]
12 silly mapToRegistry name typescript
13 silly mapToRegistry using default registry
14 silly mapToRegistry registry https://registry.npmjs.org/
15 silly mapToRegistry data Result {
15 silly mapToRegistry   raw: 'typescript',
15 silly mapToRegistry   scope: null,
15 silly mapToRegistry   name: 'typescript',
15 silly mapToRegistry   rawSpec: '',
15 silly mapToRegistry   spec: 'latest',
15 silly mapToRegistry   type: 'tag' }
16 silly mapToRegistry uri https://registry.npmjs.org/typescript
17 verbose addNameTag registry:https://registry.npmjs.org/typescript not in flight; fetching
18 verbose request uri https://registry.npmjs.org/typescript
19 verbose request no auth needed
20 info attempt registry request try #1 at 18:26:49
21 verbose request id 404929d8ed7631ac
22 http request GET https://registry.npmjs.org/typescript
23 http 200 https://registry.npmjs.org/typescript
24 verbose headers { date: 'Tue, 11 Sep 2018 00:14:10 GMT',
24 verbose headers   'content-type': 'application/json',
24 verbose headers   'transfer-encoding': 'chunked',
24 verbose headers   connection: 'close',
24 verbose headers   'set-cookie': [ '__cfduid=d8958b4505aef8eca4a58fdd93a3191e11536624850; expires=Wed, 11-Sep-19 00:14:10 GMT; path=/; domain=.registry.npmjs.org; HttpOnly' ],
24 verbose headers   'cf-cache-status': 'HIT',
24 verbose headers   'cache-control': 'max-age=300',
24 verbose headers   'cf-ray': '4585eec468deb57e-BOG',
24 verbose headers   etag: 'W/"1f3e1f7828ba797bef58f9d617d04c46"',
24 verbose headers   'expect-ct': 'max-age=604800, report-uri="https://report-uri.cloudflare.com/cdn-cgi/beacon/expect-ct"',
24 verbose headers   'last-modified': 'Fri, 07 Sep 2018 20:22:05 GMT',
24 verbose headers   vary: 'accept-encoding, accept',
24 verbose headers   'x-amz-meta-rev': '1435-126ffb583ca5967e2d451ee190351c08',
24 verbose headers   server: 'cloudflare',
24 verbose headers   'content-encoding': 'gzip' }
25 silly get cb [ 200,
25 silly get   { date: 'Tue, 11 Sep 2018 00:14:10 GMT',
25 silly get     'content-type': 'application/json',
25 silly get     'transfer-encoding': 'chunked',
25 silly get     connection: 'close',
25 silly get     'set-cookie': [ '__cfduid=d8958b4505aef8eca4a58fdd93a3191e11536624850; expires=Wed, 11-Sep-19 00:14:10 GMT; path=/; domain=.registry.npmjs.org; HttpOnly' ],
25 silly get     'cf-cache-status': 'HIT',
25 silly get     'cache-control': 'max-age=300',
25 silly get     'cf-ray': '4585eec468deb57e-BOG',
25 silly get     etag: 'W/"1f3e1f7828ba797bef58f9d617d04c46"',
25 silly get     'expect-ct': 'max-age=604800, report-uri="https://report-uri.cloudflare.com/cdn-cgi/beacon/expect-ct"',
25 silly get     'last-modified': 'Fri, 07 Sep 2018 20:22:05 GMT',
25 silly get     vary: 'accept-encoding, accept',
25 silly get     'x-amz-meta-rev': '1435-126ffb583ca5967e2d451ee190351c08',
25 silly get     server: 'cloudflare',
25 silly get     'content-encoding': 'gzip' } ]
26 verbose get saving typescript to /home/usr001/.npm/registry.npmjs.org/typescript/.cache.json
27 verbose correctMkdir /home/usr001/.npm correctMkdir not in flight; initializing
28 verbose makeDirectory /home/usr001/.npm creation not in flight; initializing
29 silly makeDirectory /home/usr001/.npm uid: 1000 gid: 1000
30 silly addNameTag next cb for typescript with tag latest
31 silly addNamed typescript@3.0.3
32 verbose addNamed "3.0.3" is a plain semver version for typescript
33 silly mapToRegistry name typescript
34 silly mapToRegistry using default registry
35 silly mapToRegistry registry https://registry.npmjs.org/
36 silly mapToRegistry data Result {
36 silly mapToRegistry   raw: 'typescript',
36 silly mapToRegistry   scope: null,
36 silly mapToRegistry   name: 'typescript',
36 silly mapToRegistry   rawSpec: '',
36 silly mapToRegistry   spec: 'latest',
36 silly mapToRegistry   type: 'tag' }
37 silly mapToRegistry uri https://registry.npmjs.org/typescript
38 verbose addRemoteTarball https://registry.npmjs.org/typescript/-/typescript-3.0.3.tgz not in flight; adding
39 verbose addRemoteTarball [ 'https://registry.npmjs.org/typescript/-/typescript-3.0.3.tgz',
39 verbose addRemoteTarball   '4853b3e275ecdaa27f78fda46dc273a7eb7fc1c8' ]
40 info retry fetch attempt 1 at 18:26:50
41 info attempt registry request try #1 at 18:26:50
42 http fetch GET https://registry.npmjs.org/typescript/-/typescript-3.0.3.tgz
43 http fetch 200 https://registry.npmjs.org/typescript/-/typescript-3.0.3.tgz
44 silly fetchAndShaCheck shasum 4853b3e275ecdaa27f78fda46dc273a7eb7fc1c8
45 verbose addTmpTarball /tmp/npm-4496-09db6a13/registry.npmjs.org/typescript/-/typescript-3.0.3.tgz not in flight; adding
46 verbose addTmpTarball already have metadata; skipping unpack for typescript@3.0.3
47 verbose correctMkdir /home/usr001/.npm correctMkdir not in flight; initializing
48 silly cache afterAdd typescript@3.0.3
49 verbose afterAdd /home/usr001/.npm/typescript/3.0.3/package/package.json not in flight; writing
50 verbose correctMkdir /home/usr001/.npm correctMkdir not in flight; initializing
51 verbose afterAdd /home/usr001/.npm/typescript/3.0.3/package/package.json written
52 silly install resolved [ { name: 'typescript',
52 silly install resolved     author: { name: 'Microsoft Corp.' },
52 silly install resolved     homepage: 'http://typescriptlang.org/',
52 silly install resolved     version: '3.0.3',
52 silly install resolved     license: 'Apache-2.0',
52 silly install resolved     description: 'TypeScript is a language for application scale JavaScript development',
52 silly install resolved     keywords: [ 'TypeScript', 'Microsoft', 'compiler', 'language', 'javascript' ],
52 silly install resolved     bugs: { url: 'https://github.com/Microsoft/TypeScript/issues' },
52 silly install resolved     repository:
52 silly install resolved      { type: 'git',
52 silly install resolved        url: 'git+https://github.com/Microsoft/TypeScript.git' },
52 silly install resolved     main: './lib/typescript.js',
52 silly install resolved     typings: './lib/typescript.d.ts',
52 silly install resolved     bin: { tsc: './bin/tsc', tsserver: './bin/tsserver' },
52 silly install resolved     engines: { node: '>=4.2.0' },
52 silly install resolved     devDependencies:
52 silly install resolved      { '@octokit/rest': 'latest',
52 silly install resolved        '@types/browserify': 'latest',
52 silly install resolved        '@types/chai': 'latest',
52 silly install resolved        '@types/convert-source-map': 'latest',
52 silly install resolved        '@types/del': 'latest',
52 silly install resolved        '@types/glob': 'latest',
52 silly install resolved        '@types/gulp': '3.X',
52 silly install resolved        '@types/gulp-concat': 'latest',
52 silly install resolved        '@types/gulp-help': 'latest',
52 silly install resolved        '@types/gulp-if': '0.0.33',
52 silly install resolved        '@types/gulp-newer': 'latest',
52 silly install resolved        '@types/gulp-rename': '0.0.33',
52 silly install resolved        '@types/gulp-sourcemaps': '0.0.32',
52 silly install resolved        '@types/jake': 'latest',
52 silly install resolved        '@types/merge2': 'latest',
52 silly install resolved        '@types/minimatch': 'latest',
52 silly install resolved        '@types/minimist': 'latest',
52 silly install resolved        '@types/mkdirp': 'latest',
52 silly install resolved        '@types/mocha': 'latest',
52 silly install resolved        '@types/node': '8.5.5',
52 silly install resolved        '@types/q': 'latest',
52 silly install resolved        '@types/run-sequence': 'latest',
52 silly install resolved        '@types/source-map-support': 'latest',
52 silly install resolved        '@types/through2': 'latest',
52 silly install resolved        '@types/travis-fold': 'latest',
52 silly install resolved        '@types/xml2js': '^0.4.0',
52 silly install resolved        'browser-resolve': '^1.11.2',
52 silly install resolved        browserify: 'latest',
52 silly install resolved        chai: 'latest',
52 silly install resolved        chalk: 'latest',
52 silly install resolved        'convert-source-map': 'latest',
52 silly install resolved        del: 'latest',
52 silly install resolved        'fancy-log': 'latest',
52 silly install resolved        'fs-extra': '^6.0.1',
52 silly install resolved        gulp: '3.X',
52 silly install resolved        'gulp-clone': 'latest',
52 silly install resolved        'gulp-concat': 'latest',
52 silly install resolved        'gulp-help': 'latest',
52 silly install resolved        'gulp-if': 'latest',
52 silly install resolved        'gulp-insert': 'latest',
52 silly install resolved        'gulp-newer': 'latest',
52 silly install resolved        'gulp-rename': 'latest',
52 silly install resolved        'gulp-sourcemaps': 'latest',
52 silly install resolved        'gulp-typescript': 'latest',
52 silly install resolved        istanbul: 'latest',
52 silly install resolved        jake: 'latest',
52 silly install resolved        merge2: 'latest',
52 silly install resolved        minimist: 'latest',
52 silly install resolved        mkdirp: 'latest',
52 silly install resolved        mocha: 'latest',
52 silly install resolved        'mocha-fivemat-progress-reporter': 'latest',
52 silly install resolved        'plugin-error': 'latest',
52 silly install resolved        q: 'latest',
52 silly install resolved        'remove-internal': '^2.9.2',
52 silly install resolved        'run-sequence': 'latest',
52 silly install resolved        'source-map-support': 'latest',
52 silly install resolved        through2: 'latest',
52 silly install resolved        'travis-fold': 'latest',
52 silly install resolved        tslint: 'latest',
52 silly install resolved        typescript: 'next',
52 silly install resolved        vinyl: 'latest',
52 silly install resolved        'vinyl-sourcemaps-apply': 'latest',
52 silly install resolved        xml2js: '^0.4.19' },
52 silly install resolved     scripts:
52 silly install resolved      { pretest: 'jake tests',
52 silly install resolved        test: 'jake runtests-parallel light=false',
52 silly install resolved        build: 'npm run build:compiler && npm run build:tests',
52 silly install resolved        'build:compiler': 'jake local',
52 silly install resolved        'build:tests': 'jake tests',
52 silly install resolved        start: 'node lib/tsc',
52 silly install resolved        clean: 'jake clean',
52 silly install resolved        gulp: 'gulp',
52 silly install resolved        jake: 'jake',
52 silly install resolved        lint: 'jake lint',
52 silly install resolved        'setup-hooks': 'node scripts/link-hooks.js' },
52 silly install resolved     browser: { fs: false, os: false, path: false },
52 silly install resolved     dependencies: {},
52 silly install resolved     gitHead: 'c698baf5fcce062f76464717d3cbc69c0717a1de',
52 silly install resolved     _id: 'typescript@3.0.3',
52 silly install resolved     _npmVersion: '6.1.0',
52 silly install resolved     _nodeVersion: '10.4.1',
52 silly install resolved     _npmUser: { name: 'typescript', email: 'typescript@microsoft.com' },
52 silly install resolved     dist:
52 silly install resolved      { integrity: 'sha512-kk80vLW9iGtjMnIv11qyxLqZm20UklzuR2tL0QAnDIygIUIemcZMxlMWudl9OOt76H3ntVzcTiddQ1/pAAJMYg==',
52 silly install resolved        shasum: '4853b3e275ecdaa27f78fda46dc273a7eb7fc1c8',
52 silly install resolved        tarball: 'https://registry.npmjs.org/typescript/-/typescript-3.0.3.tgz',
52 silly install resolved        fileCount: 75,
52 silly install resolved        unpackedSize: 40980141,
52 silly install resolved        'npm-signature': '-----BEGIN PGP SIGNATURE-----\r\nVersion: OpenPGP.js v3.0.4\r\nComment: https://openpgpjs.org\r\n\r\nwsFcBAEBCAAQBQJbhxc4CRA9TVsSAnZWagAAymwP/0LigEt9IcAK+b1iFDLV\n+SHvB6I5SmmMKMbCgv/AGNuxUB284UW/nmxGC6LyfjEB1HPwKq7eMPEH6wdK\nGgV1EKLxOd9jq/nuyzwxf/BmWp8r4pa2DEE2BC91W4cx+iA+1xZw1lLiMc9H\n86+aT8cnfNyYjUPj+BvD1DOoU3HhYwfNnCgkout3FM0lufE/wL3y0tYt4lph\nToA1NKCie2rz9FaI+egJr5CgkFqCKZ1jXK8tjEoAqFE3VO6mGAFblcs44bGf\nDs0R3agMl8SN/lBwRnM7OHDFwXsdDg4F3rX+/VYFkoo1kXJjzH+Hlk1syy+f\nHBMmgTnPheSZdNk2oiAWeosx9oQA4lUOnQfP2yKtV+5sl1m1IF4/X2Ia6LDA\naH4ux6QEF7VR5tXwQcjUrgiy4c0DvtzBrQ4roPxJ3TG8wM9Y/Qlv/npPf71X\nK+s5ylU6afunqp9fye6C8wUh/dDFgrMnkvSQtw8j8hdsUSZpTbnFNx7oOJ0T\n9dZ2Nsjs0BnKjEUsaC/gNNThm4pPx0yxGxEB7xU06u99ecbu1XwR/mTQxMcL\nT8G4z23hyZOlkym5kNyXCxoHmcvuJBfwAzhZG0Jtk0rF0Znucjqqykfh81AR\nrFgN6LpDu/qRQKdExc0Mx4MP/nrW7b88lA+XP3jSvNRROh+O3TrfqTvbl+Gi\njxMn\r\n=ZG6a\r\n-----END PGP SIGNATURE-----\r\n' },
52 silly install resolved     maintainers: [ [Object] ],
52 silly install resolved     directories: {},
52 silly install resolved     _npmOperationalInternal:
52 silly install resolved      { host: 's3://npm-registry-packages',
52 silly install resolved        tmp: 'tmp/typescript_3.0.3_1535579959632_0.5790767140978528' },
52 silly install resolved     _hasShrinkwrap: false,
52 silly install resolved     _shasum: '4853b3e275ecdaa27f78fda46dc273a7eb7fc1c8',
52 silly install resolved     _resolved: 'https://registry.npmjs.org/typescript/-/typescript-3.0.3.tgz',
52 silly install resolved     _from: 'typescript@latest' } ]
53 info install typescript@3.0.3 into /usr/lib
54 info installOne typescript@3.0.3
55 verbose installOne of typescript to /usr/lib not in flight; installing
56 verbose correctMkdir /home/usr001/.npm/_locks correctMkdir not in flight; initializing
57 verbose makeDirectory /home/usr001/.npm/_locks creation not in flight; initializing
58 silly makeDirectory /home/usr001/.npm/_locks uid: 1000 gid: 1000
59 verbose lock using /home/usr001/.npm/_locks/typescript-12f9ae23b889d882.lock for /usr/lib/node_modules/typescript
60 silly install write writing typescript 3.0.3 to /usr/lib/node_modules/typescript
61 verbose unbuild lib/node_modules/typescript
62 silly gentlyRm /usr/lib/node_modules/typescript is being purged from base /usr
63 verbose gentlyRm don't care about contents; nuking /usr/lib/node_modules/typescript
64 verbose tar unpack /home/usr001/.npm/typescript/3.0.3/package.tgz
65 verbose tar unpacking to /usr/lib/node_modules/typescript
66 silly gentlyRm /usr/lib/node_modules/typescript is being purged
67 verbose gentlyRm don't care about contents; nuking /usr/lib/node_modules/typescript
68 silly gunzTarPerm modes [ '775', '664' ]
69 error tar.unpack untar error /home/usr001/.npm/typescript/3.0.3/package.tgz
70 verbose unlock done using /home/usr001/.npm/_locks/typescript-12f9ae23b889d882.lock for /usr/lib/node_modules/typescript
71 verbose fstream_path /usr/lib/node_modules/typescript
72 verbose fstream_type Directory
73 verbose fstream_class DirWriter
74 verbose stack Error: EACCES: permission denied, mkdir '/usr/lib/node_modules/typescript'
74 verbose stack     at Error (native)
75 verbose fstream_stack /usr/lib/node_modules/npm/node_modules/fstream/lib/dir-writer.js:35:25
75 verbose fstream_stack /usr/lib/node_modules/npm/node_modules/mkdirp/index.js:47:53
75 verbose fstream_stack FSReqWrap.oncomplete (fs.js:82:15)
76 verbose cwd /home/usr001/repository/drugfree
77 error Linux 4.15.0-32-generic
78 error argv "/usr/bin/node" "/usr/bin/npm" "install" "-g" "typescript"
79 error node v4.9.1
80 error npm  v2.15.11
81 error path /usr/lib/node_modules/typescript
82 error code EACCES
83 error errno -13
84 error syscall mkdir
85 error Error: EACCES: permission denied, mkdir '/usr/lib/node_modules/typescript'
85 error     at Error (native)
85 error  { [Error: EACCES: permission denied, mkdir '/usr/lib/node_modules/typescript']
85 error   errno: -13,
85 error   code: 'EACCES',
85 error   syscall: 'mkdir',
85 error   path: '/usr/lib/node_modules/typescript',
85 error   fstream_type: 'Directory',
85 error   fstream_path: '/usr/lib/node_modules/typescript',
85 error   fstream_class: 'DirWriter',
85 error   fstream_stack:
85 error    [ '/usr/lib/node_modules/npm/node_modules/fstream/lib/dir-writer.js:35:25',
85 error      '/usr/lib/node_modules/npm/node_modules/mkdirp/index.js:47:53',
85 error      'FSReqWrap.oncomplete (fs.js:82:15)' ] }
86 error Please try running this command again as root/Administrator.
87 verbose exit [ -13, true ]
88 verbose unbuild lib/node_modules/typescript
89 silly gentlyRm /usr/lib/node_modules/typescript is being purged from base /usr
90 verbose gentlyRm don't care about contents; nuking /usr/lib/node_modules/typescript
